<?xml version="1.0" encoding="UTF-8"?>
<!-- Generated by org.testng.reporters.JUnitReportReporter -->
<testsuite hostname="WKWZTFpjrNigTsl" failures="0" tests="1" name="com.framework.runners.TestRunner" time="11.972" errors="0" timestamp="2024-11-25T23:37:58 IST" skipped="0">
  <testcase classname="com.framework.runners.TestRunner" name="runScenario" time="11.972"/>
</testsuite> <!-- com.framework.runners.TestRunner -->
